<?xml version="1.0" encoding="UTF-8"?>
<!-- Generated by org.testng.reporters.JUnitReportReporter -->
<testsuite hostname="Navjot_SW" failures="0" tests="2" name="com.staragile.testNG.TestNGAnnotations" time="0.005" errors="0" timestamp="2024-05-19T21:11:36 IST" skipped="0">
  <testcase classname="com.staragile.testNG.TestNGAnnotations" name="testcase1" time="0.004"/>
  <testcase classname="com.staragile.testNG.TestNGAnnotations" name="testcase2" time="0.001"/>
</testsuite> <!-- com.staragile.testNG.TestNGAnnotations -->
