<?xml version="1.0" encoding="UTF-8"?>
<!-- Generated by org.testng.reporters.JUnitReportReporter -->
<testsuite hostname="Navjot_SW" failures="0" tests="1" name="com.staragile.testNG.ReadExcel" time="9.463" errors="0" timestamp="2024-05-22T11:52:51 IST" skipped="0">
  <testcase classname="com.staragile.testNG.ReadExcel" name="fblogin" time="9.463"/>
</testsuite> <!-- com.staragile.testNG.ReadExcel -->
