<?xml version="1.0" encoding="UTF-8"?>
<!-- Generated by org.testng.reporters.JUnitReportReporter -->
<testsuite hostname="Navjot_SW" failures="0" tests="1" name="com.staragile.testNG.TestNGParameters" time="5.124" errors="0" timestamp="2024-05-19T20:52:25 IST" skipped="0">
  <testcase classname="com.staragile.testNG.TestNGParameters" name="invokechrome" time="5.124"/>
</testsuite> <!-- com.staragile.testNG.TestNGParameters -->
